2026-04-03 21:46:19,143 INFO Iniciando QueryLibre
2026-04-03 21:46:25,065 INFO Iniciando QueryLibre
2026-04-04 18:55:57,913 ERROR Macro bloqueada por seguridad: acción no permitida __init__
2026-04-04 18:56:07,419 ERROR Macro bloqueada por seguridad: parámetros maliciosos en acción eliminar_duplicados
2026-04-04 18:56:07,420 ERROR Macro bloqueada por seguridad: parámetros maliciosos en acción eliminar_duplicados
2026-04-04 18:56:07,420 ERROR Macro bloqueada por seguridad: parámetros maliciosos en acción eliminar_duplicados
2026-04-04 18:56:07,422 ERROR Macro bloqueada por seguridad: acción no permitida __init__
2026-04-04 18:56:07,422 ERROR Macro bloqueada por seguridad: acción no permitida borrar_archivo
2026-04-04 18:56:10,361 ERROR Macro bloqueada por seguridad: parámetros maliciosos en acción eliminar_duplicados
2026-04-04 18:56:10,361 ERROR Macro bloqueada por seguridad: parámetros maliciosos en acción eliminar_duplicados
2026-04-04 18:56:10,361 ERROR Macro bloqueada por seguridad: parámetros maliciosos en acción eliminar_duplicados
2026-04-04 18:56:10,363 ERROR Macro bloqueada por seguridad: acción no permitida __init__
2026-04-04 18:56:10,363 ERROR Macro bloqueada por seguridad: acción no permitida borrar_archivo
2026-04-04 18:56:37,580 ERROR Macro bloqueada por seguridad: parámetros maliciosos en acción eliminar_duplicados
2026-04-04 18:56:37,580 ERROR Macro bloqueada por seguridad: parámetros maliciosos en acción eliminar_duplicados
2026-04-04 18:56:37,581 ERROR Macro bloqueada por seguridad: parámetros maliciosos en acción eliminar_duplicados
2026-04-04 18:56:37,583 ERROR Macro bloqueada por seguridad: acción no permitida __init__
2026-04-04 18:56:37,583 ERROR Macro bloqueada por seguridad: acción no permitida borrar_archivo
2026-04-04 19:01:34,615 ERROR Macro bloqueada por seguridad: valores de parámetros no seguros en acción eliminar_duplicados
2026-04-04 19:01:34,616 ERROR Macro bloqueada por seguridad: valores de parámetros no seguros en acción eliminar_duplicados
2026-04-04 19:01:37,604 ERROR Macro bloqueada por seguridad: parámetros maliciosos en acción eliminar_duplicados
2026-04-04 19:01:37,604 ERROR Macro bloqueada por seguridad: parámetros maliciosos en acción eliminar_duplicados
2026-04-04 19:01:37,604 ERROR Macro bloqueada por seguridad: parámetros maliciosos en acción eliminar_duplicados
2026-04-04 19:01:37,607 ERROR Macro bloqueada por seguridad: acción no permitida __init__
2026-04-04 19:01:37,607 ERROR Macro bloqueada por seguridad: acción no permitida borrar_archivo
2026-04-04 19:01:37,608 ERROR Macro bloqueada por seguridad: valores de parámetros no seguros en acción eliminar_duplicados
2026-04-04 19:01:37,608 ERROR Macro bloqueada por seguridad: valores de parámetros no seguros en acción eliminar_duplicados
2026-04-04 19:04:31,232 ERROR Macro bloqueada por seguridad: parámetros maliciosos en acción eliminar_duplicados
2026-04-04 19:04:31,233 ERROR Macro bloqueada por seguridad: parámetros maliciosos en acción eliminar_duplicados
2026-04-04 19:04:31,233 ERROR Macro bloqueada por seguridad: parámetros maliciosos en acción eliminar_duplicados
2026-04-04 19:04:31,234 ERROR Macro bloqueada por seguridad: acción no permitida __init__
2026-04-04 19:04:31,235 ERROR Macro bloqueada por seguridad: acción no permitida borrar_archivo
2026-04-04 19:04:31,236 ERROR Macro bloqueada por seguridad: valores de parámetros no seguros en acción eliminar_duplicados
2026-04-04 19:04:31,236 ERROR Macro bloqueada por seguridad: valores de parámetros no seguros en acción eliminar_duplicados
